The system is: Linux - 4.3.3-2-ARCH - x86_64
Compiling the C compiler identification source file "CMakeCCompilerId.c" succeeded.
Compiler: /usr/bin/cc 
Build flags: 
Id flags: 

The output was:
0


Compilation of the C compiler identification source "CMakeCCompilerId.c" produced "a.out"

The C compiler identification is GNU, found in "/home/pavel/AU/graphics/homework/LearnOpenGL/CMakeFiles/3.4.1/CompilerIdC/a.out"

Compiling the CXX compiler identification source file "CMakeCXXCompilerId.cpp" succeeded.
Compiler: /usr/bin/c++ 
Build flags: 
Id flags: 

The output was:
0


Compilation of the CXX compiler identification source "CMakeCXXCompilerId.cpp" produced "a.out"

The CXX compiler identification is GNU, found in "/home/pavel/AU/graphics/homework/LearnOpenGL/CMakeFiles/3.4.1/CompilerIdCXX/a.out"

Determining if the C compiler works passed with the following output:
Change Dir: /home/pavel/AU/graphics/homework/LearnOpenGL/CMakeFiles/CMakeTmp

Run Build Command:"/usr/bin/make" "cmTC_0f963/fast"
/usr/bin/make -f CMakeFiles/cmTC_0f963.dir/build.make CMakeFiles/cmTC_0f963.dir/build
make[1]: Entering directory '/home/pavel/AU/graphics/homework/LearnOpenGL/CMakeFiles/CMakeTmp'
Building C object CMakeFiles/cmTC_0f963.dir/testCCompiler.c.o
/usr/bin/cc     -o CMakeFiles/cmTC_0f963.dir/testCCompiler.c.o   -c /home/pavel/AU/graphics/homework/LearnOpenGL/CMakeFiles/CMakeTmp/testCCompiler.c
Linking C executable cmTC_0f963
/usr/bin/cmake -E cmake_link_script CMakeFiles/cmTC_0f963.dir/link.txt --verbose=1
/usr/bin/cc       CMakeFiles/cmTC_0f963.dir/testCCompiler.c.o  -o cmTC_0f963 -rdynamic 
make[1]: Leaving directory '/home/pavel/AU/graphics/homework/LearnOpenGL/CMakeFiles/CMakeTmp'


Detecting C compiler ABI info compiled with the following output:
Change Dir: /home/pavel/AU/graphics/homework/LearnOpenGL/CMakeFiles/CMakeTmp

Run Build Command:"/usr/bin/make" "cmTC_461aa/fast"
/usr/bin/make -f CMakeFiles/cmTC_461aa.dir/build.make CMakeFiles/cmTC_461aa.dir/build
make[1]: Entering directory '/home/pavel/AU/graphics/homework/LearnOpenGL/CMakeFiles/CMakeTmp'
Building C object CMakeFiles/cmTC_461aa.dir/CMakeCCompilerABI.c.o
/usr/bin/cc     -o CMakeFiles/cmTC_461aa.dir/CMakeCCompilerABI.c.o   -c /usr/share/cmake-3.4/Modules/CMakeCCompilerABI.c
Linking C executable cmTC_461aa
/usr/bin/cmake -E cmake_link_script CMakeFiles/cmTC_461aa.dir/link.txt --verbose=1
/usr/bin/cc      -v CMakeFiles/cmTC_461aa.dir/CMakeCCompilerABI.c.o  -o cmTC_461aa -rdynamic  
Using built-in specs.
COLLECT_GCC=/usr/bin/cc
COLLECT_LTO_WRAPPER=/usr/lib/gcc/x86_64-unknown-linux-gnu/5.3.0/lto-wrapper
Target: x86_64-unknown-linux-gnu
Configured with: /build/gcc/src/gcc-5.3.0/configure --prefix=/usr --libdir=/usr/lib --libexecdir=/usr/lib --mandir=/usr/share/man --infodir=/usr/share/info --with-bugurl=https://bugs.archlinux.org/ --enable-languages=c,c++,ada,fortran,go,lto,objc,obj-c++ --enable-shared --enable-threads=posix --enable-libmpx --with-system-zlib --with-isl --enable-__cxa_atexit --disable-libunwind-exceptions --enable-clocale=gnu --disable-libstdcxx-pch --disable-libssp --enable-gnu-unique-object --enable-linker-build-id --enable-lto --enable-plugin --enable-install-libiberty --with-linker-hash-style=gnu --enable-gnu-indirect-function --disable-multilib --disable-werror --enable-checking=release
Thread model: posix
gcc version 5.3.0 (GCC) 
COMPILER_PATH=/usr/lib/gcc/x86_64-unknown-linux-gnu/5.3.0/:/usr/lib/gcc/x86_64-unknown-linux-gnu/5.3.0/:/usr/lib/gcc/x86_64-unknown-linux-gnu/:/usr/lib/gcc/x86_64-unknown-linux-gnu/5.3.0/:/usr/lib/gcc/x86_64-unknown-linux-gnu/
LIBRARY_PATH=/usr/lib/gcc/x86_64-unknown-linux-gnu/5.3.0/:/usr/lib/gcc/x86_64-unknown-linux-gnu/5.3.0/../../../../lib/:/lib/../lib/:/usr/lib/../lib/:/usr/lib/gcc/x86_64-unknown-linux-gnu/5.3.0/../../../:/lib/:/usr/lib/
COLLECT_GCC_OPTIONS='-v' '-o' 'cmTC_461aa' '-rdynamic' '-mtune=generic' '-march=x86-64'
 /usr/lib/gcc/x86_64-unknown-linux-gnu/5.3.0/collect2 -plugin /usr/lib/gcc/x86_64-unknown-linux-gnu/5.3.0/liblto_plugin.so -plugin-opt=/usr/lib/gcc/x86_64-unknown-linux-gnu/5.3.0/lto-wrapper -plugin-opt=-fresolution=/tmp/ccls29e1.res -plugin-opt=-pass-through=-lgcc -plugin-opt=-pass-through=-lgcc_s -plugin-opt=-pass-through=-lc -plugin-opt=-pass-through=-lgcc -plugin-opt=-pass-through=-lgcc_s --build-id --eh-frame-hdr --hash-style=gnu -m elf_x86_64 -export-dynamic -dynamic-linker /lib64/ld-linux-x86-64.so.2 -o cmTC_461aa /usr/lib/gcc/x86_64-unknown-linux-gnu/5.3.0/../../../../lib/crt1.o /usr/lib/gcc/x86_64-unknown-linux-gnu/5.3.0/../../../../lib/crti.o /usr/lib/gcc/x86_64-unknown-linux-gnu/5.3.0/crtbegin.o -L/usr/lib/gcc/x86_64-unknown-linux-gnu/5.3.0 -L/usr/lib/gcc/x86_64-unknown-linux-gnu/5.3.0/../../../../lib -L/lib/../lib -L/usr/lib/../lib -L/usr/lib/gcc/x86_64-unknown-linux-gnu/5.3.0/../../.. CMakeFiles/cmTC_461aa.dir/CMakeCCompilerABI.c.o -lgcc --as-needed -lgcc_s --no-as-needed -lc -lgcc --as-needed -lgcc_s --no-as-needed /usr/lib/gcc/x86_64-unknown-linux-gnu/5.3.0/crtend.o /usr/lib/gcc/x86_64-unknown-linux-gnu/5.3.0/../../../../lib/crtn.o
make[1]: Leaving directory '/home/pavel/AU/graphics/homework/LearnOpenGL/CMakeFiles/CMakeTmp'


Parsed C implicit link information from above output:
  link line regex: [^( *|.*[/\])(ld|([^/\]+-)?ld|collect2)[^/\]*( |$)]
  ignore line: [Change Dir: /home/pavel/AU/graphics/homework/LearnOpenGL/CMakeFiles/CMakeTmp]
  ignore line: []
  ignore line: [Run Build Command:"/usr/bin/make" "cmTC_461aa/fast"]
  ignore line: [/usr/bin/make -f CMakeFiles/cmTC_461aa.dir/build.make CMakeFiles/cmTC_461aa.dir/build]
  ignore line: [make[1]: Entering directory '/home/pavel/AU/graphics/homework/LearnOpenGL/CMakeFiles/CMakeTmp']
  ignore line: [Building C object CMakeFiles/cmTC_461aa.dir/CMakeCCompilerABI.c.o]
  ignore line: [/usr/bin/cc     -o CMakeFiles/cmTC_461aa.dir/CMakeCCompilerABI.c.o   -c /usr/share/cmake-3.4/Modules/CMakeCCompilerABI.c]
  ignore line: [Linking C executable cmTC_461aa]
  ignore line: [/usr/bin/cmake -E cmake_link_script CMakeFiles/cmTC_461aa.dir/link.txt --verbose=1]
  ignore line: [/usr/bin/cc      -v CMakeFiles/cmTC_461aa.dir/CMakeCCompilerABI.c.o  -o cmTC_461aa -rdynamic  ]
  ignore line: [Using built-in specs.]
  ignore line: [COLLECT_GCC=/usr/bin/cc]
  ignore line: [COLLECT_LTO_WRAPPER=/usr/lib/gcc/x86_64-unknown-linux-gnu/5.3.0/lto-wrapper]
  ignore line: [Target: x86_64-unknown-linux-gnu]
  ignore line: [Configured with: /build/gcc/src/gcc-5.3.0/configure --prefix=/usr --libdir=/usr/lib --libexecdir=/usr/lib --mandir=/usr/share/man --infodir=/usr/share/info --with-bugurl=https://bugs.archlinux.org/ --enable-languages=c,c++,ada,fortran,go,lto,objc,obj-c++ --enable-shared --enable-threads=posix --enable-libmpx --with-system-zlib --with-isl --enable-__cxa_atexit --disable-libunwind-exceptions --enable-clocale=gnu --disable-libstdcxx-pch --disable-libssp --enable-gnu-unique-object --enable-linker-build-id --enable-lto --enable-plugin --enable-install-libiberty --with-linker-hash-style=gnu --enable-gnu-indirect-function --disable-multilib --disable-werror --enable-checking=release]
  ignore line: [Thread model: posix]
  ignore line: [gcc version 5.3.0 (GCC) ]
  ignore line: [COMPILER_PATH=/usr/lib/gcc/x86_64-unknown-linux-gnu/5.3.0/:/usr/lib/gcc/x86_64-unknown-linux-gnu/5.3.0/:/usr/lib/gcc/x86_64-unknown-linux-gnu/:/usr/lib/gcc/x86_64-unknown-linux-gnu/5.3.0/:/usr/lib/gcc/x86_64-unknown-linux-gnu/]
  ignore line: [LIBRARY_PATH=/usr/lib/gcc/x86_64-unknown-linux-gnu/5.3.0/:/usr/lib/gcc/x86_64-unknown-linux-gnu/5.3.0/../../../../lib/:/lib/../lib/:/usr/lib/../lib/:/usr/lib/gcc/x86_64-unknown-linux-gnu/5.3.0/../../../:/lib/:/usr/lib/]
  ignore line: [COLLECT_GCC_OPTIONS='-v' '-o' 'cmTC_461aa' '-rdynamic' '-mtune=generic' '-march=x86-64']
  link line: [ /usr/lib/gcc/x86_64-unknown-linux-gnu/5.3.0/collect2 -plugin /usr/lib/gcc/x86_64-unknown-linux-gnu/5.3.0/liblto_plugin.so -plugin-opt=/usr/lib/gcc/x86_64-unknown-linux-gnu/5.3.0/lto-wrapper -plugin-opt=-fresolution=/tmp/ccls29e1.res -plugin-opt=-pass-through=-lgcc -plugin-opt=-pass-through=-lgcc_s -plugin-opt=-pass-through=-lc -plugin-opt=-pass-through=-lgcc -plugin-opt=-pass-through=-lgcc_s --build-id --eh-frame-hdr --hash-style=gnu -m elf_x86_64 -export-dynamic -dynamic-linker /lib64/ld-linux-x86-64.so.2 -o cmTC_461aa /usr/lib/gcc/x86_64-unknown-linux-gnu/5.3.0/../../../../lib/crt1.o /usr/lib/gcc/x86_64-unknown-linux-gnu/5.3.0/../../../../lib/crti.o /usr/lib/gcc/x86_64-unknown-linux-gnu/5.3.0/crtbegin.o -L/usr/lib/gcc/x86_64-unknown-linux-gnu/5.3.0 -L/usr/lib/gcc/x86_64-unknown-linux-gnu/5.3.0/../../../../lib -L/lib/../lib -L/usr/lib/../lib -L/usr/lib/gcc/x86_64-unknown-linux-gnu/5.3.0/../../.. CMakeFiles/cmTC_461aa.dir/CMakeCCompilerABI.c.o -lgcc --as-needed -lgcc_s --no-as-needed -lc -lgcc --as-needed -lgcc_s --no-as-needed /usr/lib/gcc/x86_64-unknown-linux-gnu/5.3.0/crtend.o /usr/lib/gcc/x86_64-unknown-linux-gnu/5.3.0/../../../../lib/crtn.o]
    arg [/usr/lib/gcc/x86_64-unknown-linux-gnu/5.3.0/collect2] ==> ignore
    arg [-plugin] ==> ignore
    arg [/usr/lib/gcc/x86_64-unknown-linux-gnu/5.3.0/liblto_plugin.so] ==> ignore
    arg [-plugin-opt=/usr/lib/gcc/x86_64-unknown-linux-gnu/5.3.0/lto-wrapper] ==> ignore
    arg [-plugin-opt=-fresolution=/tmp/ccls29e1.res] ==> ignore
    arg [-plugin-opt=-pass-through=-lgcc] ==> ignore
    arg [-plugin-opt=-pass-through=-lgcc_s] ==> ignore
    arg [-plugin-opt=-pass-through=-lc] ==> ignore
    arg [-plugin-opt=-pass-through=-lgcc] ==> ignore
    arg [-plugin-opt=-pass-through=-lgcc_s] ==> ignore
    arg [--build-id] ==> ignore
    arg [--eh-frame-hdr] ==> ignore
    arg [--hash-style=gnu] ==> ignore
    arg [-m] ==> ignore
    arg [elf_x86_64] ==> ignore
    arg [-export-dynamic] ==> ignore
    arg [-dynamic-linker] ==> ignore
    arg [/lib64/ld-linux-x86-64.so.2] ==> ignore
    arg [-o] ==> ignore
    arg [cmTC_461aa] ==> ignore
    arg [/usr/lib/gcc/x86_64-unknown-linux-gnu/5.3.0/../../../../lib/crt1.o] ==> ignore
    arg [/usr/lib/gcc/x86_64-unknown-linux-gnu/5.3.0/../../../../lib/crti.o] ==> ignore
    arg [/usr/lib/gcc/x86_64-unknown-linux-gnu/5.3.0/crtbegin.o] ==> ignore
    arg [-L/usr/lib/gcc/x86_64-unknown-linux-gnu/5.3.0] ==> dir [/usr/lib/gcc/x86_64-unknown-linux-gnu/5.3.0]
    arg [-L/usr/lib/gcc/x86_64-unknown-linux-gnu/5.3.0/../../../../lib] ==> dir [/usr/lib/gcc/x86_64-unknown-linux-gnu/5.3.0/../../../../lib]
    arg [-L/lib/../lib] ==> dir [/lib/../lib]
    arg [-L/usr/lib/../lib] ==> dir [/usr/lib/../lib]
    arg [-L/usr/lib/gcc/x86_64-unknown-linux-gnu/5.3.0/../../..] ==> dir [/usr/lib/gcc/x86_64-unknown-linux-gnu/5.3.0/../../..]
    arg [CMakeFiles/cmTC_461aa.dir/CMakeCCompilerABI.c.o] ==> ignore
    arg [-lgcc] ==> lib [gcc]
    arg [--as-needed] ==> ignore
    arg [-lgcc_s] ==> lib [gcc_s]
    arg [--no-as-needed] ==> ignore
    arg [-lc] ==> lib [c]
    arg [-lgcc] ==> lib [gcc]
    arg [--as-needed] ==> ignore
    arg [-lgcc_s] ==> lib [gcc_s]
    arg [--no-as-needed] ==> ignore
    arg [/usr/lib/gcc/x86_64-unknown-linux-gnu/5.3.0/crtend.o] ==> ignore
    arg [/usr/lib/gcc/x86_64-unknown-linux-gnu/5.3.0/../../../../lib/crtn.o] ==> ignore
  remove lib [gcc]
  remove lib [gcc_s]
  remove lib [gcc]
  remove lib [gcc_s]
  collapse library dir [/usr/lib/gcc/x86_64-unknown-linux-gnu/5.3.0] ==> [/usr/lib/gcc/x86_64-unknown-linux-gnu/5.3.0]
  collapse library dir [/usr/lib/gcc/x86_64-unknown-linux-gnu/5.3.0/../../../../lib] ==> [/usr/lib]
  collapse library dir [/lib/../lib] ==> [/lib]
  collapse library dir [/usr/lib/../lib] ==> [/usr/lib]
  collapse library dir [/usr/lib/gcc/x86_64-unknown-linux-gnu/5.3.0/../../..] ==> [/usr/lib]
  implicit libs: [c]
  implicit dirs: [/usr/lib/gcc/x86_64-unknown-linux-gnu/5.3.0;/usr/lib;/lib]
  implicit fwks: []




Detecting C [-std=c11] compiler features compiled with the following output:
Change Dir: /home/pavel/AU/graphics/homework/LearnOpenGL/CMakeFiles/CMakeTmp

Run Build Command:"/usr/bin/make" "cmTC_ab90c/fast"
/usr/bin/make -f CMakeFiles/cmTC_ab90c.dir/build.make CMakeFiles/cmTC_ab90c.dir/build
make[1]: Entering directory '/home/pavel/AU/graphics/homework/LearnOpenGL/CMakeFiles/CMakeTmp'
Building C object CMakeFiles/cmTC_ab90c.dir/feature_tests.c.o
/usr/bin/cc    -std=c11 -o CMakeFiles/cmTC_ab90c.dir/feature_tests.c.o   -c /home/pavel/AU/graphics/homework/LearnOpenGL/CMakeFiles/feature_tests.c
Linking C executable cmTC_ab90c
/usr/bin/cmake -E cmake_link_script CMakeFiles/cmTC_ab90c.dir/link.txt --verbose=1
/usr/bin/cc       CMakeFiles/cmTC_ab90c.dir/feature_tests.c.o  -o cmTC_ab90c -rdynamic 
make[1]: Leaving directory '/home/pavel/AU/graphics/homework/LearnOpenGL/CMakeFiles/CMakeTmp'


    Feature record: C_FEATURE:1c_function_prototypes
    Feature record: C_FEATURE:1c_restrict
    Feature record: C_FEATURE:1c_static_assert
    Feature record: C_FEATURE:1c_variadic_macros


Detecting C [-std=c99] compiler features compiled with the following output:
Change Dir: /home/pavel/AU/graphics/homework/LearnOpenGL/CMakeFiles/CMakeTmp

Run Build Command:"/usr/bin/make" "cmTC_83e47/fast"
/usr/bin/make -f CMakeFiles/cmTC_83e47.dir/build.make CMakeFiles/cmTC_83e47.dir/build
make[1]: Entering directory '/home/pavel/AU/graphics/homework/LearnOpenGL/CMakeFiles/CMakeTmp'
Building C object CMakeFiles/cmTC_83e47.dir/feature_tests.c.o
/usr/bin/cc    -std=c99 -o CMakeFiles/cmTC_83e47.dir/feature_tests.c.o   -c /home/pavel/AU/graphics/homework/LearnOpenGL/CMakeFiles/feature_tests.c
Linking C executable cmTC_83e47
/usr/bin/cmake -E cmake_link_script CMakeFiles/cmTC_83e47.dir/link.txt --verbose=1
/usr/bin/cc       CMakeFiles/cmTC_83e47.dir/feature_tests.c.o  -o cmTC_83e47 -rdynamic 
make[1]: Leaving directory '/home/pavel/AU/graphics/homework/LearnOpenGL/CMakeFiles/CMakeTmp'


    Feature record: C_FEATURE:1c_function_prototypes
    Feature record: C_FEATURE:1c_restrict
    Feature record: C_FEATURE:0c_static_assert
    Feature record: C_FEATURE:1c_variadic_macros


Detecting C [-std=c90] compiler features compiled with the following output:
Change Dir: /home/pavel/AU/graphics/homework/LearnOpenGL/CMakeFiles/CMakeTmp

Run Build Command:"/usr/bin/make" "cmTC_28718/fast"
/usr/bin/make -f CMakeFiles/cmTC_28718.dir/build.make CMakeFiles/cmTC_28718.dir/build
make[1]: Entering directory '/home/pavel/AU/graphics/homework/LearnOpenGL/CMakeFiles/CMakeTmp'
Building C object CMakeFiles/cmTC_28718.dir/feature_tests.c.o
/usr/bin/cc    -std=c90 -o CMakeFiles/cmTC_28718.dir/feature_tests.c.o   -c /home/pavel/AU/graphics/homework/LearnOpenGL/CMakeFiles/feature_tests.c
Linking C executable cmTC_28718
/usr/bin/cmake -E cmake_link_script CMakeFiles/cmTC_28718.dir/link.txt --verbose=1
/usr/bin/cc       CMakeFiles/cmTC_28718.dir/feature_tests.c.o  -o cmTC_28718 -rdynamic 
make[1]: Leaving directory '/home/pavel/AU/graphics/homework/LearnOpenGL/CMakeFiles/CMakeTmp'


    Feature record: C_FEATURE:1c_function_prototypes
    Feature record: C_FEATURE:0c_restrict
    Feature record: C_FEATURE:0c_static_assert
    Feature record: C_FEATURE:0c_variadic_macros
Determining if the CXX compiler works passed with the following output:
Change Dir: /home/pavel/AU/graphics/homework/LearnOpenGL/CMakeFiles/CMakeTmp

Run Build Command:"/usr/bin/make" "cmTC_9c2d0/fast"
/usr/bin/make -f CMakeFiles/cmTC_9c2d0.dir/build.make CMakeFiles/cmTC_9c2d0.dir/build
make[1]: Entering directory '/home/pavel/AU/graphics/homework/LearnOpenGL/CMakeFiles/CMakeTmp'
Building CXX object CMakeFiles/cmTC_9c2d0.dir/testCXXCompiler.cxx.o
/usr/bin/c++      -o CMakeFiles/cmTC_9c2d0.dir/testCXXCompiler.cxx.o -c /home/pavel/AU/graphics/homework/LearnOpenGL/CMakeFiles/CMakeTmp/testCXXCompiler.cxx
Linking CXX executable cmTC_9c2d0
/usr/bin/cmake -E cmake_link_script CMakeFiles/cmTC_9c2d0.dir/link.txt --verbose=1
/usr/bin/c++        CMakeFiles/cmTC_9c2d0.dir/testCXXCompiler.cxx.o  -o cmTC_9c2d0 -rdynamic 
make[1]: Leaving directory '/home/pavel/AU/graphics/homework/LearnOpenGL/CMakeFiles/CMakeTmp'


Detecting CXX compiler ABI info compiled with the following output:
Change Dir: /home/pavel/AU/graphics/homework/LearnOpenGL/CMakeFiles/CMakeTmp

Run Build Command:"/usr/bin/make" "cmTC_56af2/fast"
/usr/bin/make -f CMakeFiles/cmTC_56af2.dir/build.make CMakeFiles/cmTC_56af2.dir/build
make[1]: Entering directory '/home/pavel/AU/graphics/homework/LearnOpenGL/CMakeFiles/CMakeTmp'
Building CXX object CMakeFiles/cmTC_56af2.dir/CMakeCXXCompilerABI.cpp.o
/usr/bin/c++      -o CMakeFiles/cmTC_56af2.dir/CMakeCXXCompilerABI.cpp.o -c /usr/share/cmake-3.4/Modules/CMakeCXXCompilerABI.cpp
Linking CXX executable cmTC_56af2
/usr/bin/cmake -E cmake_link_script CMakeFiles/cmTC_56af2.dir/link.txt --verbose=1
/usr/bin/c++       -v CMakeFiles/cmTC_56af2.dir/CMakeCXXCompilerABI.cpp.o  -o cmTC_56af2 -rdynamic  
Using built-in specs.
COLLECT_GCC=/usr/bin/c++
COLLECT_LTO_WRAPPER=/usr/lib/gcc/x86_64-unknown-linux-gnu/5.3.0/lto-wrapper
Target: x86_64-unknown-linux-gnu
Configured with: /build/gcc/src/gcc-5.3.0/configure --prefix=/usr --libdir=/usr/lib --libexecdir=/usr/lib --mandir=/usr/share/man --infodir=/usr/share/info --with-bugurl=https://bugs.archlinux.org/ --enable-languages=c,c++,ada,fortran,go,lto,objc,obj-c++ --enable-shared --enable-threads=posix --enable-libmpx --with-system-zlib --with-isl --enable-__cxa_atexit --disable-libunwind-exceptions --enable-clocale=gnu --disable-libstdcxx-pch --disable-libssp --enable-gnu-unique-object --enable-linker-build-id --enable-lto --enable-plugin --enable-install-libiberty --with-linker-hash-style=gnu --enable-gnu-indirect-function --disable-multilib --disable-werror --enable-checking=release
Thread model: posix
gcc version 5.3.0 (GCC) 
COMPILER_PATH=/usr/lib/gcc/x86_64-unknown-linux-gnu/5.3.0/:/usr/lib/gcc/x86_64-unknown-linux-gnu/5.3.0/:/usr/lib/gcc/x86_64-unknown-linux-gnu/:/usr/lib/gcc/x86_64-unknown-linux-gnu/5.3.0/:/usr/lib/gcc/x86_64-unknown-linux-gnu/
LIBRARY_PATH=/usr/lib/gcc/x86_64-unknown-linux-gnu/5.3.0/:/usr/lib/gcc/x86_64-unknown-linux-gnu/5.3.0/../../../../lib/:/lib/../lib/:/usr/lib/../lib/:/usr/lib/gcc/x86_64-unknown-linux-gnu/5.3.0/../../../:/lib/:/usr/lib/
COLLECT_GCC_OPTIONS='-v' '-o' 'cmTC_56af2' '-rdynamic' '-shared-libgcc' '-mtune=generic' '-march=x86-64'
 /usr/lib/gcc/x86_64-unknown-linux-gnu/5.3.0/collect2 -plugin /usr/lib/gcc/x86_64-unknown-linux-gnu/5.3.0/liblto_plugin.so -plugin-opt=/usr/lib/gcc/x86_64-unknown-linux-gnu/5.3.0/lto-wrapper -plugin-opt=-fresolution=/tmp/ccn3NoKf.res -plugin-opt=-pass-through=-lgcc_s -plugin-opt=-pass-through=-lgcc -plugin-opt=-pass-through=-lc -plugin-opt=-pass-through=-lgcc_s -plugin-opt=-pass-through=-lgcc --build-id --eh-frame-hdr --hash-style=gnu -m elf_x86_64 -export-dynamic -dynamic-linker /lib64/ld-linux-x86-64.so.2 -o cmTC_56af2 /usr/lib/gcc/x86_64-unknown-linux-gnu/5.3.0/../../../../lib/crt1.o /usr/lib/gcc/x86_64-unknown-linux-gnu/5.3.0/../../../../lib/crti.o /usr/lib/gcc/x86_64-unknown-linux-gnu/5.3.0/crtbegin.o -L/usr/lib/gcc/x86_64-unknown-linux-gnu/5.3.0 -L/usr/lib/gcc/x86_64-unknown-linux-gnu/5.3.0/../../../../lib -L/lib/../lib -L/usr/lib/../lib -L/usr/lib/gcc/x86_64-unknown-linux-gnu/5.3.0/../../.. CMakeFiles/cmTC_56af2.dir/CMakeCXXCompilerABI.cpp.o -lstdc++ -lm -lgcc_s -lgcc -lc -lgcc_s -lgcc /usr/lib/gcc/x86_64-unknown-linux-gnu/5.3.0/crtend.o /usr/lib/gcc/x86_64-unknown-linux-gnu/5.3.0/../../../../lib/crtn.o
make[1]: Leaving directory '/home/pavel/AU/graphics/homework/LearnOpenGL/CMakeFiles/CMakeTmp'


Parsed CXX implicit link information from above output:
  link line regex: [^( *|.*[/\])(ld|([^/\]+-)?ld|collect2)[^/\]*( |$)]
  ignore line: [Change Dir: /home/pavel/AU/graphics/homework/LearnOpenGL/CMakeFiles/CMakeTmp]
  ignore line: []
  ignore line: [Run Build Command:"/usr/bin/make" "cmTC_56af2/fast"]
  ignore line: [/usr/bin/make -f CMakeFiles/cmTC_56af2.dir/build.make CMakeFiles/cmTC_56af2.dir/build]
  ignore line: [make[1]: Entering directory '/home/pavel/AU/graphics/homework/LearnOpenGL/CMakeFiles/CMakeTmp']
  ignore line: [Building CXX object CMakeFiles/cmTC_56af2.dir/CMakeCXXCompilerABI.cpp.o]
  ignore line: [/usr/bin/c++      -o CMakeFiles/cmTC_56af2.dir/CMakeCXXCompilerABI.cpp.o -c /usr/share/cmake-3.4/Modules/CMakeCXXCompilerABI.cpp]
  ignore line: [Linking CXX executable cmTC_56af2]
  ignore line: [/usr/bin/cmake -E cmake_link_script CMakeFiles/cmTC_56af2.dir/link.txt --verbose=1]
  ignore line: [/usr/bin/c++       -v CMakeFiles/cmTC_56af2.dir/CMakeCXXCompilerABI.cpp.o  -o cmTC_56af2 -rdynamic  ]
  ignore line: [Using built-in specs.]
  ignore line: [COLLECT_GCC=/usr/bin/c++]
  ignore line: [COLLECT_LTO_WRAPPER=/usr/lib/gcc/x86_64-unknown-linux-gnu/5.3.0/lto-wrapper]
  ignore line: [Target: x86_64-unknown-linux-gnu]
  ignore line: [Configured with: /build/gcc/src/gcc-5.3.0/configure --prefix=/usr --libdir=/usr/lib --libexecdir=/usr/lib --mandir=/usr/share/man --infodir=/usr/share/info --with-bugurl=https://bugs.archlinux.org/ --enable-languages=c,c++,ada,fortran,go,lto,objc,obj-c++ --enable-shared --enable-threads=posix --enable-libmpx --with-system-zlib --with-isl --enable-__cxa_atexit --disable-libunwind-exceptions --enable-clocale=gnu --disable-libstdcxx-pch --disable-libssp --enable-gnu-unique-object --enable-linker-build-id --enable-lto --enable-plugin --enable-install-libiberty --with-linker-hash-style=gnu --enable-gnu-indirect-function --disable-multilib --disable-werror --enable-checking=release]
  ignore line: [Thread model: posix]
  ignore line: [gcc version 5.3.0 (GCC) ]
  ignore line: [COMPILER_PATH=/usr/lib/gcc/x86_64-unknown-linux-gnu/5.3.0/:/usr/lib/gcc/x86_64-unknown-linux-gnu/5.3.0/:/usr/lib/gcc/x86_64-unknown-linux-gnu/:/usr/lib/gcc/x86_64-unknown-linux-gnu/5.3.0/:/usr/lib/gcc/x86_64-unknown-linux-gnu/]
  ignore line: [LIBRARY_PATH=/usr/lib/gcc/x86_64-unknown-linux-gnu/5.3.0/:/usr/lib/gcc/x86_64-unknown-linux-gnu/5.3.0/../../../../lib/:/lib/../lib/:/usr/lib/../lib/:/usr/lib/gcc/x86_64-unknown-linux-gnu/5.3.0/../../../:/lib/:/usr/lib/]
  ignore line: [COLLECT_GCC_OPTIONS='-v' '-o' 'cmTC_56af2' '-rdynamic' '-shared-libgcc' '-mtune=generic' '-march=x86-64']
  link line: [ /usr/lib/gcc/x86_64-unknown-linux-gnu/5.3.0/collect2 -plugin /usr/lib/gcc/x86_64-unknown-linux-gnu/5.3.0/liblto_plugin.so -plugin-opt=/usr/lib/gcc/x86_64-unknown-linux-gnu/5.3.0/lto-wrapper -plugin-opt=-fresolution=/tmp/ccn3NoKf.res -plugin-opt=-pass-through=-lgcc_s -plugin-opt=-pass-through=-lgcc -plugin-opt=-pass-through=-lc -plugin-opt=-pass-through=-lgcc_s -plugin-opt=-pass-through=-lgcc --build-id --eh-frame-hdr --hash-style=gnu -m elf_x86_64 -export-dynamic -dynamic-linker /lib64/ld-linux-x86-64.so.2 -o cmTC_56af2 /usr/lib/gcc/x86_64-unknown-linux-gnu/5.3.0/../../../../lib/crt1.o /usr/lib/gcc/x86_64-unknown-linux-gnu/5.3.0/../../../../lib/crti.o /usr/lib/gcc/x86_64-unknown-linux-gnu/5.3.0/crtbegin.o -L/usr/lib/gcc/x86_64-unknown-linux-gnu/5.3.0 -L/usr/lib/gcc/x86_64-unknown-linux-gnu/5.3.0/../../../../lib -L/lib/../lib -L/usr/lib/../lib -L/usr/lib/gcc/x86_64-unknown-linux-gnu/5.3.0/../../.. CMakeFiles/cmTC_56af2.dir/CMakeCXXCompilerABI.cpp.o -lstdc++ -lm -lgcc_s -lgcc -lc -lgcc_s -lgcc /usr/lib/gcc/x86_64-unknown-linux-gnu/5.3.0/crtend.o /usr/lib/gcc/x86_64-unknown-linux-gnu/5.3.0/../../../../lib/crtn.o]
    arg [/usr/lib/gcc/x86_64-unknown-linux-gnu/5.3.0/collect2] ==> ignore
    arg [-plugin] ==> ignore
    arg [/usr/lib/gcc/x86_64-unknown-linux-gnu/5.3.0/liblto_plugin.so] ==> ignore
    arg [-plugin-opt=/usr/lib/gcc/x86_64-unknown-linux-gnu/5.3.0/lto-wrapper] ==> ignore
    arg [-plugin-opt=-fresolution=/tmp/ccn3NoKf.res] ==> ignore
    arg [-plugin-opt=-pass-through=-lgcc_s] ==> ignore
    arg [-plugin-opt=-pass-through=-lgcc] ==> ignore
    arg [-plugin-opt=-pass-through=-lc] ==> ignore
    arg [-plugin-opt=-pass-through=-lgcc_s] ==> ignore
    arg [-plugin-opt=-pass-through=-lgcc] ==> ignore
    arg [--build-id] ==> ignore
    arg [--eh-frame-hdr] ==> ignore
    arg [--hash-style=gnu] ==> ignore
    arg [-m] ==> ignore
    arg [elf_x86_64] ==> ignore
    arg [-export-dynamic] ==> ignore
    arg [-dynamic-linker] ==> ignore
    arg [/lib64/ld-linux-x86-64.so.2] ==> ignore
    arg [-o] ==> ignore
    arg [cmTC_56af2] ==> ignore
    arg [/usr/lib/gcc/x86_64-unknown-linux-gnu/5.3.0/../../../../lib/crt1.o] ==> ignore
    arg [/usr/lib/gcc/x86_64-unknown-linux-gnu/5.3.0/../../../../lib/crti.o] ==> ignore
    arg [/usr/lib/gcc/x86_64-unknown-linux-gnu/5.3.0/crtbegin.o] ==> ignore
    arg [-L/usr/lib/gcc/x86_64-unknown-linux-gnu/5.3.0] ==> dir [/usr/lib/gcc/x86_64-unknown-linux-gnu/5.3.0]
    arg [-L/usr/lib/gcc/x86_64-unknown-linux-gnu/5.3.0/../../../../lib] ==> dir [/usr/lib/gcc/x86_64-unknown-linux-gnu/5.3.0/../../../../lib]
    arg [-L/lib/../lib] ==> dir [/lib/../lib]
    arg [-L/usr/lib/../lib] ==> dir [/usr/lib/../lib]
    arg [-L/usr/lib/gcc/x86_64-unknown-linux-gnu/5.3.0/../../..] ==> dir [/usr/lib/gcc/x86_64-unknown-linux-gnu/5.3.0/../../..]
    arg [CMakeFiles/cmTC_56af2.dir/CMakeCXXCompilerABI.cpp.o] ==> ignore
    arg [-lstdc++] ==> lib [stdc++]
    arg [-lm] ==> lib [m]
    arg [-lgcc_s] ==> lib [gcc_s]
    arg [-lgcc] ==> lib [gcc]
    arg [-lc] ==> lib [c]
    arg [-lgcc_s] ==> lib [gcc_s]
    arg [-lgcc] ==> lib [gcc]
    arg [/usr/lib/gcc/x86_64-unknown-linux-gnu/5.3.0/crtend.o] ==> ignore
    arg [/usr/lib/gcc/x86_64-unknown-linux-gnu/5.3.0/../../../../lib/crtn.o] ==> ignore
  remove lib [gcc_s]
  remove lib [gcc]
  remove lib [gcc_s]
  remove lib [gcc]
  collapse library dir [/usr/lib/gcc/x86_64-unknown-linux-gnu/5.3.0] ==> [/usr/lib/gcc/x86_64-unknown-linux-gnu/5.3.0]
  collapse library dir [/usr/lib/gcc/x86_64-unknown-linux-gnu/5.3.0/../../../../lib] ==> [/usr/lib]
  collapse library dir [/lib/../lib] ==> [/lib]
  collapse library dir [/usr/lib/../lib] ==> [/usr/lib]
  collapse library dir [/usr/lib/gcc/x86_64-unknown-linux-gnu/5.3.0/../../..] ==> [/usr/lib]
  implicit libs: [stdc++;m;c]
  implicit dirs: [/usr/lib/gcc/x86_64-unknown-linux-gnu/5.3.0;/usr/lib;/lib]
  implicit fwks: []




Detecting CXX [-std=c++14] compiler features compiled with the following output:
Change Dir: /home/pavel/AU/graphics/homework/LearnOpenGL/CMakeFiles/CMakeTmp

Run Build Command:"/usr/bin/make" "cmTC_c820f/fast"
/usr/bin/make -f CMakeFiles/cmTC_c820f.dir/build.make CMakeFiles/cmTC_c820f.dir/build
make[1]: Entering directory '/home/pavel/AU/graphics/homework/LearnOpenGL/CMakeFiles/CMakeTmp'
Building CXX object CMakeFiles/cmTC_c820f.dir/feature_tests.cxx.o
/usr/bin/c++     -std=c++14 -o CMakeFiles/cmTC_c820f.dir/feature_tests.cxx.o -c /home/pavel/AU/graphics/homework/LearnOpenGL/CMakeFiles/feature_tests.cxx
Linking CXX executable cmTC_c820f
/usr/bin/cmake -E cmake_link_script CMakeFiles/cmTC_c820f.dir/link.txt --verbose=1
/usr/bin/c++        CMakeFiles/cmTC_c820f.dir/feature_tests.cxx.o  -o cmTC_c820f -rdynamic 
make[1]: Leaving directory '/home/pavel/AU/graphics/homework/LearnOpenGL/CMakeFiles/CMakeTmp'


    Feature record: CXX_FEATURE:1cxx_aggregate_default_initializers
    Feature record: CXX_FEATURE:1cxx_alias_templates
    Feature record: CXX_FEATURE:1cxx_alignas
    Feature record: CXX_FEATURE:1cxx_alignof
    Feature record: CXX_FEATURE:1cxx_attributes
    Feature record: CXX_FEATURE:1cxx_attribute_deprecated
    Feature record: CXX_FEATURE:1cxx_auto_type
    Feature record: CXX_FEATURE:1cxx_binary_literals
    Feature record: CXX_FEATURE:1cxx_constexpr
    Feature record: CXX_FEATURE:1cxx_contextual_conversions
    Feature record: CXX_FEATURE:1cxx_decltype
    Feature record: CXX_FEATURE:1cxx_decltype_auto
    Feature record: CXX_FEATURE:1cxx_decltype_incomplete_return_types
    Feature record: CXX_FEATURE:1cxx_default_function_template_args
    Feature record: CXX_FEATURE:1cxx_defaulted_functions
    Feature record: CXX_FEATURE:1cxx_defaulted_move_initializers
    Feature record: CXX_FEATURE:1cxx_delegating_constructors
    Feature record: CXX_FEATURE:1cxx_deleted_functions
    Feature record: CXX_FEATURE:1cxx_digit_separators
    Feature record: CXX_FEATURE:1cxx_enum_forward_declarations
    Feature record: CXX_FEATURE:1cxx_explicit_conversions
    Feature record: CXX_FEATURE:1cxx_extended_friend_declarations
    Feature record: CXX_FEATURE:1cxx_extern_templates
    Feature record: CXX_FEATURE:1cxx_final
    Feature record: CXX_FEATURE:1cxx_func_identifier
    Feature record: CXX_FEATURE:1cxx_generalized_initializers
    Feature record: CXX_FEATURE:1cxx_generic_lambdas
    Feature record: CXX_FEATURE:1cxx_inheriting_constructors
    Feature record: CXX_FEATURE:1cxx_inline_namespaces
    Feature record: CXX_FEATURE:1cxx_lambdas
    Feature record: CXX_FEATURE:1cxx_lambda_init_captures
    Feature record: CXX_FEATURE:1cxx_local_type_template_args
    Feature record: CXX_FEATURE:1cxx_long_long_type
    Feature record: CXX_FEATURE:1cxx_noexcept
    Feature record: CXX_FEATURE:1cxx_nonstatic_member_init
    Feature record: CXX_FEATURE:1cxx_nullptr
    Feature record: CXX_FEATURE:1cxx_override
    Feature record: CXX_FEATURE:1cxx_range_for
    Feature record: CXX_FEATURE:1cxx_raw_string_literals
    Feature record: CXX_FEATURE:1cxx_reference_qualified_functions
    Feature record: CXX_FEATURE:1cxx_relaxed_constexpr
    Feature record: CXX_FEATURE:1cxx_return_type_deduction
    Feature record: CXX_FEATURE:1cxx_right_angle_brackets
    Feature record: CXX_FEATURE:1cxx_rvalue_references
    Feature record: CXX_FEATURE:1cxx_sizeof_member
    Feature record: CXX_FEATURE:1cxx_static_assert
    Feature record: CXX_FEATURE:1cxx_strong_enums
    Feature record: CXX_FEATURE:1cxx_template_template_parameters
    Feature record: CXX_FEATURE:1cxx_thread_local
    Feature record: CXX_FEATURE:1cxx_trailing_return_types
    Feature record: CXX_FEATURE:1cxx_unicode_literals
    Feature record: CXX_FEATURE:1cxx_uniform_initialization
    Feature record: CXX_FEATURE:1cxx_unrestricted_unions
    Feature record: CXX_FEATURE:1cxx_user_literals
    Feature record: CXX_FEATURE:1cxx_variable_templates
    Feature record: CXX_FEATURE:1cxx_variadic_macros
    Feature record: CXX_FEATURE:1cxx_variadic_templates


Detecting CXX [-std=c++11] compiler features compiled with the following output:
Change Dir: /home/pavel/AU/graphics/homework/LearnOpenGL/CMakeFiles/CMakeTmp

Run Build Command:"/usr/bin/make" "cmTC_6c025/fast"
/usr/bin/make -f CMakeFiles/cmTC_6c025.dir/build.make CMakeFiles/cmTC_6c025.dir/build
make[1]: Entering directory '/home/pavel/AU/graphics/homework/LearnOpenGL/CMakeFiles/CMakeTmp'
Building CXX object CMakeFiles/cmTC_6c025.dir/feature_tests.cxx.o
/usr/bin/c++     -std=c++11 -o CMakeFiles/cmTC_6c025.dir/feature_tests.cxx.o -c /home/pavel/AU/graphics/homework/LearnOpenGL/CMakeFiles/feature_tests.cxx
Linking CXX executable cmTC_6c025
/usr/bin/cmake -E cmake_link_script CMakeFiles/cmTC_6c025.dir/link.txt --verbose=1
/usr/bin/c++        CMakeFiles/cmTC_6c025.dir/feature_tests.cxx.o  -o cmTC_6c025 -rdynamic 
make[1]: Leaving directory '/home/pavel/AU/graphics/homework/LearnOpenGL/CMakeFiles/CMakeTmp'


    Feature record: CXX_FEATURE:0cxx_aggregate_default_initializers
    Feature record: CXX_FEATURE:1cxx_alias_templates
    Feature record: CXX_FEATURE:1cxx_alignas
    Feature record: CXX_FEATURE:1cxx_alignof
    Feature record: CXX_FEATURE:1cxx_attributes
    Feature record: CXX_FEATURE:0cxx_attribute_deprecated
    Feature record: CXX_FEATURE:1cxx_auto_type
    Feature record: CXX_FEATURE:0cxx_binary_literals
    Feature record: CXX_FEATURE:1cxx_constexpr
    Feature record: CXX_FEATURE:0cxx_contextual_conversions
    Feature record: CXX_FEATURE:1cxx_decltype
    Feature record: CXX_FEATURE:0cxx_decltype_auto
    Feature record: CXX_FEATURE:1cxx_decltype_incomplete_return_types
    Feature record: CXX_FEATURE:1cxx_default_function_template_args
    Feature record: CXX_FEATURE:1cxx_defaulted_functions
    Feature record: CXX_FEATURE:1cxx_defaulted_move_initializers
    Feature record: CXX_FEATURE:1cxx_delegating_constructors
    Feature record: CXX_FEATURE:1cxx_deleted_functions
    Feature record: CXX_FEATURE:0cxx_digit_separators
    Feature record: CXX_FEATURE:1cxx_enum_forward_declarations
    Feature record: CXX_FEATURE:1cxx_explicit_conversions
    Feature record: CXX_FEATURE:1cxx_extended_friend_declarations
    Feature record: CXX_FEATURE:1cxx_extern_templates
    Feature record: CXX_FEATURE:1cxx_final
    Feature record: CXX_FEATURE:1cxx_func_identifier
    Feature record: CXX_FEATURE:1cxx_generalized_initializers
    Feature record: CXX_FEATURE:0cxx_generic_lambdas
    Feature record: CXX_FEATURE:1cxx_inheriting_constructors
    Feature record: CXX_FEATURE:1cxx_inline_namespaces
    Feature record: CXX_FEATURE:1cxx_lambdas
    Feature record: CXX_FEATURE:0cxx_lambda_init_captures
    Feature record: CXX_FEATURE:1cxx_local_type_template_args
    Feature record: CXX_FEATURE:1cxx_long_long_type
    Feature record: CXX_FEATURE:1cxx_noexcept
    Feature record: CXX_FEATURE:1cxx_nonstatic_member_init
    Feature record: CXX_FEATURE:1cxx_nullptr
    Feature record: CXX_FEATURE:1cxx_override
    Feature record: CXX_FEATURE:1cxx_range_for
    Feature record: CXX_FEATURE:1cxx_raw_string_literals
    Feature record: CXX_FEATURE:1cxx_reference_qualified_functions
    Feature record: CXX_FEATURE:0cxx_relaxed_constexpr
    Feature record: CXX_FEATURE:0cxx_return_type_deduction
    Feature record: CXX_FEATURE:1cxx_right_angle_brackets
    Feature record: CXX_FEATURE:1cxx_rvalue_references
    Feature record: CXX_FEATURE:1cxx_sizeof_member
    Feature record: CXX_FEATURE:1cxx_static_assert
    Feature record: CXX_FEATURE:1cxx_strong_enums
    Feature record: CXX_FEATURE:1cxx_template_template_parameters
    Feature record: CXX_FEATURE:1cxx_thread_local
    Feature record: CXX_FEATURE:1cxx_trailing_return_types
    Feature record: CXX_FEATURE:1cxx_unicode_literals
    Feature record: CXX_FEATURE:1cxx_uniform_initialization
    Feature record: CXX_FEATURE:1cxx_unrestricted_unions
    Feature record: CXX_FEATURE:1cxx_user_literals
    Feature record: CXX_FEATURE:0cxx_variable_templates
    Feature record: CXX_FEATURE:1cxx_variadic_macros
    Feature record: CXX_FEATURE:1cxx_variadic_templates


Detecting CXX [-std=c++98] compiler features compiled with the following output:
Change Dir: /home/pavel/AU/graphics/homework/LearnOpenGL/CMakeFiles/CMakeTmp

Run Build Command:"/usr/bin/make" "cmTC_7104c/fast"
/usr/bin/make -f CMakeFiles/cmTC_7104c.dir/build.make CMakeFiles/cmTC_7104c.dir/build
make[1]: Entering directory '/home/pavel/AU/graphics/homework/LearnOpenGL/CMakeFiles/CMakeTmp'
Building CXX object CMakeFiles/cmTC_7104c.dir/feature_tests.cxx.o
/usr/bin/c++     -std=c++98 -o CMakeFiles/cmTC_7104c.dir/feature_tests.cxx.o -c /home/pavel/AU/graphics/homework/LearnOpenGL/CMakeFiles/feature_tests.cxx
Linking CXX executable cmTC_7104c
/usr/bin/cmake -E cmake_link_script CMakeFiles/cmTC_7104c.dir/link.txt --verbose=1
/usr/bin/c++        CMakeFiles/cmTC_7104c.dir/feature_tests.cxx.o  -o cmTC_7104c -rdynamic 
make[1]: Leaving directory '/home/pavel/AU/graphics/homework/LearnOpenGL/CMakeFiles/CMakeTmp'


    Feature record: CXX_FEATURE:0cxx_aggregate_default_initializers
    Feature record: CXX_FEATURE:0cxx_alias_templates
    Feature record: CXX_FEATURE:0cxx_alignas
    Feature record: CXX_FEATURE:0cxx_alignof
    Feature record: CXX_FEATURE:0cxx_attributes
    Feature record: CXX_FEATURE:0cxx_attribute_deprecated
    Feature record: CXX_FEATURE:0cxx_auto_type
    Feature record: CXX_FEATURE:0cxx_binary_literals
    Feature record: CXX_FEATURE:0cxx_constexpr
    Feature record: CXX_FEATURE:0cxx_contextual_conversions
    Feature record: CXX_FEATURE:0cxx_decltype
    Feature record: CXX_FEATURE:0cxx_decltype_auto
    Feature record: CXX_FEATURE:0cxx_decltype_incomplete_return_types
    Feature record: CXX_FEATURE:0cxx_default_function_template_args
    Feature record: CXX_FEATURE:0cxx_defaulted_functions
    Feature record: CXX_FEATURE:0cxx_defaulted_move_initializers
    Feature record: CXX_FEATURE:0cxx_delegating_constructors
    Feature record: CXX_FEATURE:0cxx_deleted_functions
    Feature record: CXX_FEATURE:0cxx_digit_separators
    Feature record: CXX_FEATURE:0cxx_enum_forward_declarations
    Feature record: CXX_FEATURE:0cxx_explicit_conversions
    Feature record: CXX_FEATURE:0cxx_extended_friend_declarations
    Feature record: CXX_FEATURE:0cxx_extern_templates
    Feature record: CXX_FEATURE:0cxx_final
    Feature record: CXX_FEATURE:0cxx_func_identifier
    Feature record: CXX_FEATURE:0cxx_generalized_initializers
    Feature record: CXX_FEATURE:0cxx_generic_lambdas
    Feature record: CXX_FEATURE:0cxx_inheriting_constructors
    Feature record: CXX_FEATURE:0cxx_inline_namespaces
    Feature record: CXX_FEATURE:0cxx_lambdas
    Feature record: CXX_FEATURE:0cxx_lambda_init_captures
    Feature record: CXX_FEATURE:0cxx_local_type_template_args
    Feature record: CXX_FEATURE:0cxx_long_long_type
    Feature record: CXX_FEATURE:0cxx_noexcept
    Feature record: CXX_FEATURE:0cxx_nonstatic_member_init
    Feature record: CXX_FEATURE:0cxx_nullptr
    Feature record: CXX_FEATURE:0cxx_override
    Feature record: CXX_FEATURE:0cxx_range_for
    Feature record: CXX_FEATURE:0cxx_raw_string_literals
    Feature record: CXX_FEATURE:0cxx_reference_qualified_functions
    Feature record: CXX_FEATURE:0cxx_relaxed_constexpr
    Feature record: CXX_FEATURE:0cxx_return_type_deduction
    Feature record: CXX_FEATURE:0cxx_right_angle_brackets
    Feature record: CXX_FEATURE:0cxx_rvalue_references
    Feature record: CXX_FEATURE:0cxx_sizeof_member
    Feature record: CXX_FEATURE:0cxx_static_assert
    Feature record: CXX_FEATURE:0cxx_strong_enums
    Feature record: CXX_FEATURE:1cxx_template_template_parameters
    Feature record: CXX_FEATURE:0cxx_thread_local
    Feature record: CXX_FEATURE:0cxx_trailing_return_types
    Feature record: CXX_FEATURE:0cxx_unicode_literals
    Feature record: CXX_FEATURE:0cxx_uniform_initialization
    Feature record: CXX_FEATURE:0cxx_unrestricted_unions
    Feature record: CXX_FEATURE:0cxx_user_literals
    Feature record: CXX_FEATURE:0cxx_variable_templates
    Feature record: CXX_FEATURE:0cxx_variadic_macros
    Feature record: CXX_FEATURE:0cxx_variadic_templates
Determining if the function XOpenDisplay exists in the /usr/lib64/libX11.so;/usr/lib64/libXext.so passed with the following output:
Change Dir: /home/pavel/AU/graphics/homework/LearnOpenGL/CMakeFiles/CMakeTmp

Run Build Command:"/usr/bin/make" "cmTC_0eb3a/fast"
/usr/bin/make -f CMakeFiles/cmTC_0eb3a.dir/build.make CMakeFiles/cmTC_0eb3a.dir/build
make[1]: Entering directory '/home/pavel/AU/graphics/homework/LearnOpenGL/CMakeFiles/CMakeTmp'
Building C object CMakeFiles/cmTC_0eb3a.dir/CheckFunctionExists.c.o
/usr/bin/cc    -DCHECK_FUNCTION_EXISTS=XOpenDisplay   -o CMakeFiles/cmTC_0eb3a.dir/CheckFunctionExists.c.o   -c /usr/share/cmake-3.4/Modules/CheckFunctionExists.c
Linking C executable cmTC_0eb3a
/usr/bin/cmake -E cmake_link_script CMakeFiles/cmTC_0eb3a.dir/link.txt --verbose=1
/usr/bin/cc   -DCHECK_FUNCTION_EXISTS=XOpenDisplay    CMakeFiles/cmTC_0eb3a.dir/CheckFunctionExists.c.o  -o cmTC_0eb3a -rdynamic /usr/lib64/libX11.so /usr/lib64/libXext.so 
make[1]: Leaving directory '/home/pavel/AU/graphics/homework/LearnOpenGL/CMakeFiles/CMakeTmp'


Determining if the function gethostbyname exists passed with the following output:
Change Dir: /home/pavel/AU/graphics/homework/LearnOpenGL/CMakeFiles/CMakeTmp

Run Build Command:"/usr/bin/make" "cmTC_83f6c/fast"
/usr/bin/make -f CMakeFiles/cmTC_83f6c.dir/build.make CMakeFiles/cmTC_83f6c.dir/build
make[1]: Entering directory '/home/pavel/AU/graphics/homework/LearnOpenGL/CMakeFiles/CMakeTmp'
Building C object CMakeFiles/cmTC_83f6c.dir/CheckFunctionExists.c.o
/usr/bin/cc    -DCHECK_FUNCTION_EXISTS=gethostbyname   -o CMakeFiles/cmTC_83f6c.dir/CheckFunctionExists.c.o   -c /usr/share/cmake-3.4/Modules/CheckFunctionExists.c
Linking C executable cmTC_83f6c
/usr/bin/cmake -E cmake_link_script CMakeFiles/cmTC_83f6c.dir/link.txt --verbose=1
/usr/bin/cc   -DCHECK_FUNCTION_EXISTS=gethostbyname    CMakeFiles/cmTC_83f6c.dir/CheckFunctionExists.c.o  -o cmTC_83f6c -rdynamic 
make[1]: Leaving directory '/home/pavel/AU/graphics/homework/LearnOpenGL/CMakeFiles/CMakeTmp'


Determining if the function connect exists passed with the following output:
Change Dir: /home/pavel/AU/graphics/homework/LearnOpenGL/CMakeFiles/CMakeTmp

Run Build Command:"/usr/bin/make" "cmTC_73472/fast"
/usr/bin/make -f CMakeFiles/cmTC_73472.dir/build.make CMakeFiles/cmTC_73472.dir/build
make[1]: Entering directory '/home/pavel/AU/graphics/homework/LearnOpenGL/CMakeFiles/CMakeTmp'
Building C object CMakeFiles/cmTC_73472.dir/CheckFunctionExists.c.o
/usr/bin/cc    -DCHECK_FUNCTION_EXISTS=connect   -o CMakeFiles/cmTC_73472.dir/CheckFunctionExists.c.o   -c /usr/share/cmake-3.4/Modules/CheckFunctionExists.c
Linking C executable cmTC_73472
/usr/bin/cmake -E cmake_link_script CMakeFiles/cmTC_73472.dir/link.txt --verbose=1
/usr/bin/cc   -DCHECK_FUNCTION_EXISTS=connect    CMakeFiles/cmTC_73472.dir/CheckFunctionExists.c.o  -o cmTC_73472 -rdynamic 
make[1]: Leaving directory '/home/pavel/AU/graphics/homework/LearnOpenGL/CMakeFiles/CMakeTmp'


Determining if the function remove exists passed with the following output:
Change Dir: /home/pavel/AU/graphics/homework/LearnOpenGL/CMakeFiles/CMakeTmp

Run Build Command:"/usr/bin/make" "cmTC_aecd3/fast"
/usr/bin/make -f CMakeFiles/cmTC_aecd3.dir/build.make CMakeFiles/cmTC_aecd3.dir/build
make[1]: Entering directory '/home/pavel/AU/graphics/homework/LearnOpenGL/CMakeFiles/CMakeTmp'
Building C object CMakeFiles/cmTC_aecd3.dir/CheckFunctionExists.c.o
/usr/bin/cc    -DCHECK_FUNCTION_EXISTS=remove   -o CMakeFiles/cmTC_aecd3.dir/CheckFunctionExists.c.o   -c /usr/share/cmake-3.4/Modules/CheckFunctionExists.c
Linking C executable cmTC_aecd3
/usr/bin/cmake -E cmake_link_script CMakeFiles/cmTC_aecd3.dir/link.txt --verbose=1
/usr/bin/cc   -DCHECK_FUNCTION_EXISTS=remove    CMakeFiles/cmTC_aecd3.dir/CheckFunctionExists.c.o  -o cmTC_aecd3 -rdynamic 
make[1]: Leaving directory '/home/pavel/AU/graphics/homework/LearnOpenGL/CMakeFiles/CMakeTmp'


Determining if the function shmat exists passed with the following output:
Change Dir: /home/pavel/AU/graphics/homework/LearnOpenGL/CMakeFiles/CMakeTmp

Run Build Command:"/usr/bin/make" "cmTC_5d4eb/fast"
/usr/bin/make -f CMakeFiles/cmTC_5d4eb.dir/build.make CMakeFiles/cmTC_5d4eb.dir/build
make[1]: Entering directory '/home/pavel/AU/graphics/homework/LearnOpenGL/CMakeFiles/CMakeTmp'
Building C object CMakeFiles/cmTC_5d4eb.dir/CheckFunctionExists.c.o
/usr/bin/cc    -DCHECK_FUNCTION_EXISTS=shmat   -o CMakeFiles/cmTC_5d4eb.dir/CheckFunctionExists.c.o   -c /usr/share/cmake-3.4/Modules/CheckFunctionExists.c
Linking C executable cmTC_5d4eb
/usr/bin/cmake -E cmake_link_script CMakeFiles/cmTC_5d4eb.dir/link.txt --verbose=1
/usr/bin/cc   -DCHECK_FUNCTION_EXISTS=shmat    CMakeFiles/cmTC_5d4eb.dir/CheckFunctionExists.c.o  -o cmTC_5d4eb -rdynamic 
make[1]: Leaving directory '/home/pavel/AU/graphics/homework/LearnOpenGL/CMakeFiles/CMakeTmp'


Determining if the function IceConnectionNumber exists in the ICE passed with the following output:
Change Dir: /home/pavel/AU/graphics/homework/LearnOpenGL/CMakeFiles/CMakeTmp

Run Build Command:"/usr/bin/make" "cmTC_545d4/fast"
/usr/bin/make -f CMakeFiles/cmTC_545d4.dir/build.make CMakeFiles/cmTC_545d4.dir/build
make[1]: Entering directory '/home/pavel/AU/graphics/homework/LearnOpenGL/CMakeFiles/CMakeTmp'
Building C object CMakeFiles/cmTC_545d4.dir/CheckFunctionExists.c.o
/usr/bin/cc    -DCHECK_FUNCTION_EXISTS=IceConnectionNumber   -o CMakeFiles/cmTC_545d4.dir/CheckFunctionExists.c.o   -c /usr/share/cmake-3.4/Modules/CheckFunctionExists.c
Linking C executable cmTC_545d4
/usr/bin/cmake -E cmake_link_script CMakeFiles/cmTC_545d4.dir/link.txt --verbose=1
/usr/bin/cc   -DCHECK_FUNCTION_EXISTS=IceConnectionNumber    CMakeFiles/cmTC_545d4.dir/CheckFunctionExists.c.o  -o cmTC_545d4 -rdynamic -lICE 
make[1]: Leaving directory '/home/pavel/AU/graphics/homework/LearnOpenGL/CMakeFiles/CMakeTmp'


